%!Adobe-FontList 1.22
%Locale:0x412

%BeginFont
Handler:DirectoryHandler
FontType:TrueType
FontName:HandelGothic
FamilyName:Handel Gothic
StyleName:Regular
FullName:Handel Gothic
MenuName:Handel Gothic
StyleBits:0
WritingScript:Roman
OutlineFileName:F:\01.더조은컴퓨터학원_안양점\04.수업진행_커리큘럼\01.html5&css3\18_뮤자인_원본\3_뮤자인_최종버젼\5. SVG로 변경 최종\Font\handel gothic.ttf
DataFormat:sfntData
hasSVG:no
VariableFontType:NonVariableFont
FileLength:22620
FileModTime:1583203360
WeightClass:500
WidthClass:5
AngleClass:0
NameArray:0,Mac,4,Handel Gothic
NameArray:0,Win,1,Handel Gothic
%EndFont

